мая 12, 2023 12:14:08 PM network.Server printLocalIPAddress
INFO: Локальный IP-адрес: 192.168.56.1
мая 12, 2023 12:14:08 PM network.Server printLocalIPAddress
INFO: Локальный IP-адрес: 192.168.88.96
мая 12, 2023 12:14:08 PM network.Server main
INFO: СЕРВЕР ЗАПУЩЕН
мая 12, 2023 12:14:08 PM network.Server main
INFO: ОЖИДАНИЕ КЛИЕНТОВ
мая 12, 2023 12:17:04 PM network.Server printLocalIPAddress
INFO: Локальный IP-адрес: 192.168.56.1
мая 12, 2023 12:17:04 PM network.Server printLocalIPAddress
INFO: Локальный IP-адрес: 192.168.88.96
мая 12, 2023 12:17:04 PM network.Server main
INFO: СЕРВЕР ЗАПУЩЕН
мая 12, 2023 12:17:04 PM network.Server main
INFO: ОЖИДАНИЕ КЛИЕНТОВ
мая 12, 2023 12:17:04 PM network.Server main
SEVERE: Это сообщение об ошибке
мая 12, 2023 12:17:04 PM network.Server main
WARNING: Это предупреждение
мая 12, 2023 12:17:04 PM network.Server main
INFO: Это информационное сообщение
мая 12, 2023 12:25:30 PM network.Server printLocalIPAddress
INFO: Локальный IP-адрес: 192.168.56.1
мая 12, 2023 12:25:30 PM network.Server printLocalIPAddress
INFO: Локальный IP-адрес: 192.168.88.96
мая 12, 2023 12:25:30 PM network.Server main
INFO: СЕРВЕР ЗАПУЩЕН
мая 12, 2023 12:25:30 PM network.Server main
INFO: ОЖИДАНИЕ КЛИЕНТОВ
мая 12, 2023 12:28:09 PM network.Server printLocalIPAddress
INFO: Локальный IP-адрес: 192.168.56.1
мая 12, 2023 12:28:09 PM network.Server printLocalIPAddress
INFO: Локальный IP-адрес: 192.168.88.96
мая 12, 2023 12:28:09 PM network.Server main
INFO: СЕРВЕР ЗАПУЩЕН
мая 12, 2023 12:28:09 PM network.Server main
INFO: ОЖИДАНИЕ КЛИЕНТОВ
мая 12, 2023 1:44:02 PM network.Server printLocalIPAddress
INFO: Локальный IP-адрес: 192.168.56.1
мая 12, 2023 1:44:02 PM network.Server printLocalIPAddress
INFO: Локальный IP-адрес: 192.168.88.96
мая 12, 2023 1:44:02 PM network.Server main
INFO: СЕРВЕР ЗАПУЩЕН
мая 12, 2023 1:44:02 PM network.Server main
INFO: ОЖИДАНИЕ КЛИЕНТОВ
мая 15, 2023 10:00:24 PM network.Server printLocalIPAddress
INFO: Локальный IP-адрес: 192.168.1.123
мая 15, 2023 10:00:24 PM network.Server printLocalIPAddress
INFO: Локальный IP-адрес: 192.168.56.1
мая 15, 2023 10:00:24 PM network.Server main
INFO: СЕРВЕР ЗАПУЩЕН
мая 15, 2023 10:00:24 PM network.Server main
INFO: ОЖИДАНИЕ КЛИЕНТОВ
мая 15, 2023 10:22:36 PM network.Server printLocalIPAddress
INFO: Локальный IP-адрес: 192.168.1.123
мая 15, 2023 10:22:36 PM network.Server printLocalIPAddress
INFO: Локальный IP-адрес: 192.168.56.1
мая 15, 2023 10:22:36 PM network.Server main
INFO: СЕРВЕР ЗАПУЩЕН
мая 15, 2023 10:22:36 PM network.Server main
INFO: ОЖИДАНИЕ КЛИЕНТОВ
мая 15, 2023 10:43:04 PM network.Server printLocalIPAddress
INFO: Локальный IP-адрес: 192.168.1.123
мая 15, 2023 10:43:04 PM network.Server printLocalIPAddress
INFO: Локальный IP-адрес: 192.168.56.1
мая 15, 2023 10:43:04 PM network.Server main
INFO: СЕРВЕР ЗАПУЩЕН
мая 15, 2023 10:43:04 PM network.Server main
INFO: ОЖИДАНИЕ КЛИЕНТОВ
мая 16, 2023 10:30:31 AM network.Server printLocalIPAddress
INFO: Локальный IP-адрес: 192.168.56.1
мая 16, 2023 10:30:31 AM network.Server printLocalIPAddress
INFO: Локальный IP-адрес: 192.168.88.96
мая 16, 2023 10:30:31 AM network.Server main
INFO: СЕРВЕР ЗАПУЩЕН
мая 16, 2023 10:30:31 AM network.Server main
INFO: ОЖИДАНИЕ КЛИЕНТОВ
мая 16, 2023 10:38:40 AM network.Server main
SEVERE: path_to_certificate.crt (Не удается найти указанный файл)
мая 16, 2023 10:38:40 AM network.Server main
SEVERE: Ошибка при запуске сервера
мая 16, 2023 10:39:37 AM network.Server main
SEVERE: certificate.crt (Не удается найти указанный файл)
мая 16, 2023 10:39:37 AM network.Server main
SEVERE: Ошибка при запуске сервера
мая 16, 2023 10:40:35 AM network.Server main
SEVERE: \certificate.crt (Не удается найти указанный файл)
мая 16, 2023 10:40:35 AM network.Server main
SEVERE: Ошибка при запуске сервера
мая 16, 2023 10:41:18 AM network.Server printLocalIPAddress
INFO: Локальный IP-адрес: 192.168.56.1
мая 16, 2023 10:41:18 AM network.Server printLocalIPAddress
INFO: Локальный IP-адрес: 192.168.88.96
мая 16, 2023 10:41:18 AM network.Server main
INFO: СЕРВЕР ЗАПУЩЕН
мая 16, 2023 10:41:18 AM network.Server main
INFO: ОЖИДАНИЕ КЛИЕНТОВ
мая 16, 2023 10:42:48 AM network.Server printLocalIPAddress
INFO: Локальный IP-адрес: 192.168.56.1
мая 16, 2023 10:42:48 AM network.Server printLocalIPAddress
INFO: Локальный IP-адрес: 192.168.88.96
мая 16, 2023 10:42:48 AM network.Server main
INFO: СЕРВЕР ЗАПУЩЕН
мая 16, 2023 10:42:48 AM network.Server main
INFO: ОЖИДАНИЕ КЛИЕНТОВ
мая 16, 2023 10:45:09 AM network.Server printLocalIPAddress
INFO: Локальный IP-адрес: 192.168.56.1
мая 16, 2023 10:45:09 AM network.Server printLocalIPAddress
INFO: Локальный IP-адрес: 192.168.88.96
мая 16, 2023 10:45:09 AM network.Server main
INFO: СЕРВЕР ЗАПУЩЕН
мая 16, 2023 10:45:09 AM network.Server main
INFO: ОЖИДАНИЕ КЛИЕНТОВ
мая 16, 2023 10:50:25 AM network.Server printLocalIPAddress
INFO: Локальный IP-адрес: 192.168.56.1
мая 16, 2023 10:50:25 AM network.Server printLocalIPAddress
INFO: Локальный IP-адрес: 192.168.88.96
мая 16, 2023 10:50:25 AM network.Server main
INFO: СЕРВЕР ЗАПУЩЕН
мая 16, 2023 10:50:25 AM network.Server main
INFO: ОЖИДАНИЕ КЛИЕНТОВ
мая 16, 2023 10:52:37 AM network.Server printLocalIPAddress
INFO: Локальный IP-адрес: 192.168.56.1
мая 16, 2023 10:52:37 AM network.Server printLocalIPAddress
INFO: Локальный IP-адрес: 192.168.88.96
мая 16, 2023 10:52:37 AM network.Server main
INFO: СЕРВЕР ЗАПУЩЕН
мая 16, 2023 10:52:37 AM network.Server main
INFO: ОЖИДАНИЕ КЛИЕНТОВ
мая 16, 2023 11:05:10 AM network.Server main
SEVERE: toDerInputStream rejects tag type 45
мая 16, 2023 11:05:10 AM network.Server main
SEVERE: Ошибка при запуске сервера
мая 16, 2023 11:06:23 AM network.Server main
SEVERE: toDerInputStream rejects tag type 45
мая 16, 2023 11:06:23 AM network.Server main
SEVERE: Ошибка при запуске сервера
мая 16, 2023 11:08:50 AM network.Server main
SEVERE: KEY not found
мая 16, 2023 11:08:50 AM network.Server main
SEVERE: Ошибка при запуске сервера
мая 16, 2023 11:09:01 AM network.Server main
SEVERE: key not found
мая 16, 2023 11:09:01 AM network.Server main
SEVERE: Ошибка при запуске сервера
мая 16, 2023 11:10:30 AM network.Server main
SEVERE: PEM not found
мая 16, 2023 11:10:30 AM network.Server main
SEVERE: Ошибка при запуске сервера
мая 16, 2023 11:36:05 AM network.Server printLocalIPAddress
INFO: Локальный IP-адрес: 192.168.56.1
мая 16, 2023 11:36:05 AM network.Server printLocalIPAddress
INFO: Локальный IP-адрес: 192.168.88.96
мая 16, 2023 11:36:05 AM network.Server main
INFO: СЕРВЕР ЗАПУЩЕН
мая 16, 2023 11:36:05 AM network.Server main
INFO: ОЖИДАНИЕ КЛИЕНТОВ
мая 16, 2023 12:04:15 PM network.Server main
SEVERE: Cannot invoke "java.net.URL.getFile()" because the return value of "java.lang.ClassLoader.getResource(String)" is null
мая 16, 2023 12:04:15 PM network.Server main
SEVERE: Возникла непредвиденная ошибка
мая 16, 2023 12:04:37 PM network.Server printLocalIPAddress
INFO: Локальный IP-адрес: 192.168.56.1
мая 16, 2023 12:04:37 PM network.Server printLocalIPAddress
INFO: Локальный IP-адрес: 192.168.88.96
мая 16, 2023 12:04:37 PM network.Server main
INFO: СЕРВЕР ЗАПУЩЕН
мая 16, 2023 12:04:37 PM network.Server main
INFO: ОЖИДАНИЕ КЛИЕНТОВ
мая 15, 2023 10:00:24 PM network.Server printLocalIPAddress
INFO: Локальный IP-адрес: 192.168.1.123
мая 15, 2023 10:00:24 PM network.Server printLocalIPAddress
INFO: Локальный IP-адрес: 192.168.56.1
мая 15, 2023 10:00:24 PM network.Server main
INFO: СЕРВЕР ЗАПУЩЕН
мая 15, 2023 10:00:24 PM network.Server main
INFO: ОЖИДАНИЕ КЛИЕНТОВ
мая 15, 2023 10:22:36 PM network.Server printLocalIPAddress
INFO: Локальный IP-адрес: 192.168.1.123
мая 15, 2023 10:22:36 PM network.Server printLocalIPAddress
INFO: Локальный IP-адрес: 192.168.56.1
мая 15, 2023 10:22:36 PM network.Server main
INFO: СЕРВЕР ЗАПУЩЕН
мая 15, 2023 10:22:36 PM network.Server main
INFO: ОЖИДАНИЕ КЛИЕНТОВ
мая 15, 2023 10:43:04 PM network.Server printLocalIPAddress
INFO: Локальный IP-адрес: 192.168.1.123
мая 15, 2023 10:43:04 PM network.Server printLocalIPAddress
INFO: Локальный IP-адрес: 192.168.56.1
мая 15, 2023 10:43:04 PM network.Server main
INFO: СЕРВЕР ЗАПУЩЕН
мая 15, 2023 10:43:04 PM network.Server main
INFO: ОЖИДАНИЕ КЛИЕНТОВ
мая 16, 2023 10:30:31 AM network.Server printLocalIPAddress
INFO: Локальный IP-адрес: 192.168.56.1
мая 16, 2023 10:30:31 AM network.Server printLocalIPAddress
INFO: Локальный IP-адрес: 192.168.88.96
мая 16, 2023 10:30:31 AM network.Server main
INFO: СЕРВЕР ЗАПУЩЕН
мая 16, 2023 10:30:31 AM network.Server main
INFO: ОЖИДАНИЕ КЛИЕНТОВ
мая 16, 2023 10:38:40 AM network.Server main
SEVERE: path_to_certificate.crt (Не удается найти указанный файл)
мая 16, 2023 10:38:40 AM network.Server main
SEVERE: Ошибка при запуске сервера
мая 16, 2023 10:39:37 AM network.Server main
SEVERE: certificate.crt (Не удается найти указанный файл)
мая 16, 2023 10:39:37 AM network.Server main
SEVERE: Ошибка при запуске сервера
мая 16, 2023 10:40:35 AM network.Server main
SEVERE: \certificate.crt (Не удается найти указанный файл)
мая 16, 2023 10:40:35 AM network.Server main
SEVERE: Ошибка при запуске сервера
мая 16, 2023 10:41:18 AM network.Server printLocalIPAddress
INFO: Локальный IP-адрес: 192.168.56.1
мая 16, 2023 10:41:18 AM network.Server printLocalIPAddress
INFO: Локальный IP-адрес: 192.168.88.96
мая 16, 2023 10:41:18 AM network.Server main
INFO: СЕРВЕР ЗАПУЩЕН
мая 16, 2023 10:41:18 AM network.Server main
INFO: ОЖИДАНИЕ КЛИЕНТОВ
мая 16, 2023 10:42:48 AM network.Server printLocalIPAddress
INFO: Локальный IP-адрес: 192.168.56.1
мая 16, 2023 10:42:48 AM network.Server printLocalIPAddress
INFO: Локальный IP-адрес: 192.168.88.96
мая 16, 2023 10:42:48 AM network.Server main
INFO: СЕРВЕР ЗАПУЩЕН
мая 16, 2023 10:42:48 AM network.Server main
INFO: ОЖИДАНИЕ КЛИЕНТОВ
мая 16, 2023 10:45:09 AM network.Server printLocalIPAddress
INFO: Локальный IP-адрес: 192.168.56.1
мая 16, 2023 10:45:09 AM network.Server printLocalIPAddress
INFO: Локальный IP-адрес: 192.168.88.96
мая 16, 2023 10:45:09 AM network.Server main
INFO: СЕРВЕР ЗАПУЩЕН
мая 16, 2023 10:45:09 AM network.Server main
INFO: ОЖИДАНИЕ КЛИЕНТОВ
мая 16, 2023 10:50:25 AM network.Server printLocalIPAddress
INFO: Локальный IP-адрес: 192.168.56.1
мая 16, 2023 10:50:25 AM network.Server printLocalIPAddress
INFO: Локальный IP-адрес: 192.168.88.96
мая 16, 2023 10:50:25 AM network.Server main
INFO: СЕРВЕР ЗАПУЩЕН
мая 16, 2023 10:50:25 AM network.Server main
INFO: ОЖИДАНИЕ КЛИЕНТОВ
мая 16, 2023 10:52:37 AM network.Server printLocalIPAddress
INFO: Локальный IP-адрес: 192.168.56.1
мая 16, 2023 10:52:37 AM network.Server printLocalIPAddress
INFO: Локальный IP-адрес: 192.168.88.96
мая 16, 2023 10:52:37 AM network.Server main
INFO: СЕРВЕР ЗАПУЩЕН
мая 16, 2023 10:52:37 AM network.Server main
INFO: ОЖИДАНИЕ КЛИЕНТОВ
мая 16, 2023 11:05:10 AM network.Server main
SEVERE: toDerInputStream rejects tag type 45
мая 16, 2023 11:05:10 AM network.Server main
SEVERE: Ошибка при запуске сервера
мая 16, 2023 11:06:23 AM network.Server main
SEVERE: toDerInputStream rejects tag type 45
мая 16, 2023 11:06:23 AM network.Server main
SEVERE: Ошибка при запуске сервера
мая 16, 2023 11:08:50 AM network.Server main
SEVERE: KEY not found
мая 16, 2023 11:08:50 AM network.Server main
SEVERE: Ошибка при запуске сервера
мая 16, 2023 11:09:01 AM network.Server main
SEVERE: key not found
мая 16, 2023 11:09:01 AM network.Server main
SEVERE: Ошибка при запуске сервера
мая 16, 2023 11:10:30 AM network.Server main
SEVERE: PEM not found
мая 16, 2023 11:10:30 AM network.Server main
SEVERE: Ошибка при запуске сервера
мая 16, 2023 11:36:05 AM network.Server printLocalIPAddress
INFO: Локальный IP-адрес: 192.168.56.1
мая 16, 2023 11:36:05 AM network.Server printLocalIPAddress
INFO: Локальный IP-адрес: 192.168.88.96
мая 16, 2023 11:36:05 AM network.Server main
INFO: СЕРВЕР ЗАПУЩЕН
мая 16, 2023 11:36:05 AM network.Server main
INFO: ОЖИДАНИЕ КЛИЕНТОВ
мая 16, 2023 12:04:15 PM network.Server main
SEVERE: Cannot invoke "java.net.URL.getFile()" because the return value of "java.lang.ClassLoader.getResource(String)" is null
мая 16, 2023 12:04:15 PM network.Server main
SEVERE: Возникла непредвиденная ошибка
мая 16, 2023 12:04:37 PM network.Server printLocalIPAddress
INFO: Локальный IP-адрес: 192.168.56.1
мая 16, 2023 12:04:37 PM network.Server printLocalIPAddress
INFO: Локальный IP-адрес: 192.168.88.96
мая 16, 2023 12:04:37 PM network.Server main
INFO: СЕРВЕР ЗАПУЩЕН
мая 16, 2023 12:04:37 PM network.Server main
INFO: ОЖИДАНИЕ КЛИЕНТОВ
мая 15, 2023 10:00:24 PM network.Server printLocalIPAddress
INFO: Локальный IP-адрес: 192.168.1.123
мая 15, 2023 10:00:24 PM network.Server printLocalIPAddress
INFO: Локальный IP-адрес: 192.168.56.1
мая 15, 2023 10:00:24 PM network.Server main
INFO: СЕРВЕР ЗАПУЩЕН
мая 15, 2023 10:00:24 PM network.Server main
INFO: ОЖИДАНИЕ КЛИЕНТОВ
мая 15, 2023 10:22:36 PM network.Server printLocalIPAddress
INFO: Локальный IP-адрес: 192.168.1.123
мая 15, 2023 10:22:36 PM network.Server printLocalIPAddress
INFO: Локальный IP-адрес: 192.168.56.1
мая 15, 2023 10:22:36 PM network.Server main
INFO: СЕРВЕР ЗАПУЩЕН
мая 15, 2023 10:22:36 PM network.Server main
INFO: ОЖИДАНИЕ КЛИЕНТОВ
мая 15, 2023 10:43:04 PM network.Server printLocalIPAddress
INFO: Локальный IP-адрес: 192.168.1.123
мая 15, 2023 10:43:04 PM network.Server printLocalIPAddress
INFO: Локальный IP-адрес: 192.168.56.1
мая 15, 2023 10:43:04 PM network.Server main
INFO: СЕРВЕР ЗАПУЩЕН
мая 15, 2023 10:43:04 PM network.Server main
INFO: ОЖИДАНИЕ КЛИЕНТОВ
мая 16, 2023 10:30:31 AM network.Server printLocalIPAddress
INFO: Локальный IP-адрес: 192.168.56.1
мая 16, 2023 10:30:31 AM network.Server printLocalIPAddress
INFO: Локальный IP-адрес: 192.168.88.96
мая 16, 2023 10:30:31 AM network.Server main
INFO: СЕРВЕР ЗАПУЩЕН
мая 16, 2023 10:30:31 AM network.Server main
INFO: ОЖИДАНИЕ КЛИЕНТОВ
мая 16, 2023 10:38:40 AM network.Server main
SEVERE: path_to_certificate.crt (Не удается найти указанный файл)
мая 16, 2023 10:38:40 AM network.Server main
SEVERE: Ошибка при запуске сервера
мая 16, 2023 10:39:37 AM network.Server main
SEVERE: certificate.crt (Не удается найти указанный файл)
мая 16, 2023 10:39:37 AM network.Server main
SEVERE: Ошибка при запуске сервера
мая 16, 2023 10:40:35 AM network.Server main
SEVERE: \certificate.crt (Не удается найти указанный файл)
мая 16, 2023 10:40:35 AM network.Server main
SEVERE: Ошибка при запуске сервера
мая 16, 2023 10:41:18 AM network.Server printLocalIPAddress
INFO: Локальный IP-адрес: 192.168.56.1
мая 16, 2023 10:41:18 AM network.Server printLocalIPAddress
INFO: Локальный IP-адрес: 192.168.88.96
мая 16, 2023 10:41:18 AM network.Server main
INFO: СЕРВЕР ЗАПУЩЕН
мая 16, 2023 10:41:18 AM network.Server main
INFO: ОЖИДАНИЕ КЛИЕНТОВ
мая 16, 2023 10:42:48 AM network.Server printLocalIPAddress
INFO: Локальный IP-адрес: 192.168.56.1
мая 16, 2023 10:42:48 AM network.Server printLocalIPAddress
INFO: Локальный IP-адрес: 192.168.88.96
мая 16, 2023 10:42:48 AM network.Server main
INFO: СЕРВЕР ЗАПУЩЕН
мая 16, 2023 10:42:48 AM network.Server main
INFO: ОЖИДАНИЕ КЛИЕНТОВ
мая 16, 2023 10:45:09 AM network.Server printLocalIPAddress
INFO: Локальный IP-адрес: 192.168.56.1
мая 16, 2023 10:45:09 AM network.Server printLocalIPAddress
INFO: Локальный IP-адрес: 192.168.88.96
мая 16, 2023 10:45:09 AM network.Server main
INFO: СЕРВЕР ЗАПУЩЕН
мая 16, 2023 10:45:09 AM network.Server main
INFO: ОЖИДАНИЕ КЛИЕНТОВ
мая 16, 2023 10:50:25 AM network.Server printLocalIPAddress
INFO: Локальный IP-адрес: 192.168.56.1
мая 16, 2023 10:50:25 AM network.Server printLocalIPAddress
INFO: Локальный IP-адрес: 192.168.88.96
мая 16, 2023 10:50:25 AM network.Server main
INFO: СЕРВЕР ЗАПУЩЕН
мая 16, 2023 10:50:25 AM network.Server main
INFO: ОЖИДАНИЕ КЛИЕНТОВ
мая 16, 2023 10:52:37 AM network.Server printLocalIPAddress
INFO: Локальный IP-адрес: 192.168.56.1
мая 16, 2023 10:52:37 AM network.Server printLocalIPAddress
INFO: Локальный IP-адрес: 192.168.88.96
мая 16, 2023 10:52:37 AM network.Server main
INFO: СЕРВЕР ЗАПУЩЕН
мая 16, 2023 10:52:37 AM network.Server main
INFO: ОЖИДАНИЕ КЛИЕНТОВ
мая 16, 2023 11:05:10 AM network.Server main
SEVERE: toDerInputStream rejects tag type 45
мая 16, 2023 11:05:10 AM network.Server main
SEVERE: Ошибка при запуске сервера
мая 16, 2023 11:06:23 AM network.Server main
SEVERE: toDerInputStream rejects tag type 45
мая 16, 2023 11:06:23 AM network.Server main
SEVERE: Ошибка при запуске сервера
мая 16, 2023 11:08:50 AM network.Server main
SEVERE: KEY not found
мая 16, 2023 11:08:50 AM network.Server main
SEVERE: Ошибка при запуске сервера
мая 16, 2023 11:09:01 AM network.Server main
SEVERE: key not found
мая 16, 2023 11:09:01 AM network.Server main
SEVERE: Ошибка при запуске сервера
мая 16, 2023 11:10:30 AM network.Server main
SEVERE: PEM not found
мая 16, 2023 11:10:30 AM network.Server main
SEVERE: Ошибка при запуске сервера
мая 16, 2023 11:36:05 AM network.Server printLocalIPAddress
INFO: Локальный IP-адрес: 192.168.56.1
мая 16, 2023 11:36:05 AM network.Server printLocalIPAddress
INFO: Локальный IP-адрес: 192.168.88.96
мая 16, 2023 11:36:05 AM network.Server main
INFO: СЕРВЕР ЗАПУЩЕН
мая 16, 2023 11:36:05 AM network.Server main
INFO: ОЖИДАНИЕ КЛИЕНТОВ
мая 16, 2023 12:04:15 PM network.Server main
SEVERE: Cannot invoke "java.net.URL.getFile()" because the return value of "java.lang.ClassLoader.getResource(String)" is null
мая 16, 2023 12:04:15 PM network.Server main
SEVERE: Возникла непредвиденная ошибка
мая 16, 2023 12:04:37 PM network.Server printLocalIPAddress
INFO: Локальный IP-адрес: 192.168.56.1
мая 16, 2023 12:04:37 PM network.Server printLocalIPAddress
INFO: Локальный IP-адрес: 192.168.88.96
мая 16, 2023 12:04:37 PM network.Server main
INFO: СЕРВЕР ЗАПУЩЕН
мая 16, 2023 12:04:37 PM network.Server main
INFO: ОЖИДАНИЕ КЛИЕНТОВ
мая 15, 2023 10:00:24 PM network.Server printLocalIPAddress
INFO: Локальный IP-адрес: 192.168.1.123
мая 15, 2023 10:00:24 PM network.Server printLocalIPAddress
INFO: Локальный IP-адрес: 192.168.56.1
мая 15, 2023 10:00:24 PM network.Server main
INFO: СЕРВЕР ЗАПУЩЕН
мая 15, 2023 10:00:24 PM network.Server main
INFO: ОЖИДАНИЕ КЛИЕНТОВ
мая 15, 2023 10:22:36 PM network.Server printLocalIPAddress
INFO: Локальный IP-адрес: 192.168.1.123
мая 15, 2023 10:22:36 PM network.Server printLocalIPAddress
INFO: Локальный IP-адрес: 192.168.56.1
мая 15, 2023 10:22:36 PM network.Server main
INFO: СЕРВЕР ЗАПУЩЕН
мая 15, 2023 10:22:36 PM network.Server main
INFO: ОЖИДАНИЕ КЛИЕНТОВ
мая 15, 2023 10:43:04 PM network.Server printLocalIPAddress
INFO: Локальный IP-адрес: 192.168.1.123
мая 15, 2023 10:43:04 PM network.Server printLocalIPAddress
INFO: Локальный IP-адрес: 192.168.56.1
мая 15, 2023 10:43:04 PM network.Server main
INFO: СЕРВЕР ЗАПУЩЕН
мая 15, 2023 10:43:04 PM network.Server main
INFO: ОЖИДАНИЕ КЛИЕНТОВ
мая 16, 2023 10:30:31 AM network.Server printLocalIPAddress
INFO: Локальный IP-адрес: 192.168.56.1
мая 16, 2023 10:30:31 AM network.Server printLocalIPAddress
INFO: Локальный IP-адрес: 192.168.88.96
мая 16, 2023 10:30:31 AM network.Server main
INFO: СЕРВЕР ЗАПУЩЕН
мая 16, 2023 10:30:31 AM network.Server main
INFO: ОЖИДАНИЕ КЛИЕНТОВ
мая 16, 2023 10:38:40 AM network.Server main
SEVERE: path_to_certificate.crt (Не удается найти указанный файл)
мая 16, 2023 10:38:40 AM network.Server main
SEVERE: Ошибка при запуске сервера
мая 16, 2023 10:39:37 AM network.Server main
SEVERE: certificate.crt (Не удается найти указанный файл)
мая 16, 2023 10:39:37 AM network.Server main
SEVERE: Ошибка при запуске сервера
мая 16, 2023 10:40:35 AM network.Server main
SEVERE: \certificate.crt (Не удается найти указанный файл)
мая 16, 2023 10:40:35 AM network.Server main
SEVERE: Ошибка при запуске сервера
мая 16, 2023 10:41:18 AM network.Server printLocalIPAddress
INFO: Локальный IP-адрес: 192.168.56.1
мая 16, 2023 10:41:18 AM network.Server printLocalIPAddress
INFO: Локальный IP-адрес: 192.168.88.96
мая 16, 2023 10:41:18 AM network.Server main
INFO: СЕРВЕР ЗАПУЩЕН
мая 16, 2023 10:41:18 AM network.Server main
INFO: ОЖИДАНИЕ КЛИЕНТОВ
мая 16, 2023 10:42:48 AM network.Server printLocalIPAddress
INFO: Локальный IP-адрес: 192.168.56.1
мая 16, 2023 10:42:48 AM network.Server printLocalIPAddress
INFO: Локальный IP-адрес: 192.168.88.96
мая 16, 2023 10:42:48 AM network.Server main
INFO: СЕРВЕР ЗАПУЩЕН
мая 16, 2023 10:42:48 AM network.Server main
INFO: ОЖИДАНИЕ КЛИЕНТОВ
мая 16, 2023 10:45:09 AM network.Server printLocalIPAddress
INFO: Локальный IP-адрес: 192.168.56.1
мая 16, 2023 10:45:09 AM network.Server printLocalIPAddress
INFO: Локальный IP-адрес: 192.168.88.96
мая 16, 2023 10:45:09 AM network.Server main
INFO: СЕРВЕР ЗАПУЩЕН
мая 16, 2023 10:45:09 AM network.Server main
INFO: ОЖИДАНИЕ КЛИЕНТОВ
мая 16, 2023 10:50:25 AM network.Server printLocalIPAddress
INFO: Локальный IP-адрес: 192.168.56.1
мая 16, 2023 10:50:25 AM network.Server printLocalIPAddress
INFO: Локальный IP-адрес: 192.168.88.96
мая 16, 2023 10:50:25 AM network.Server main
INFO: СЕРВЕР ЗАПУЩЕН
мая 16, 2023 10:50:25 AM network.Server main
INFO: ОЖИДАНИЕ КЛИЕНТОВ
мая 16, 2023 10:52:37 AM network.Server printLocalIPAddress
INFO: Локальный IP-адрес: 192.168.56.1
мая 16, 2023 10:52:37 AM network.Server printLocalIPAddress
INFO: Локальный IP-адрес: 192.168.88.96
мая 16, 2023 10:52:37 AM network.Server main
INFO: СЕРВЕР ЗАПУЩЕН
мая 16, 2023 10:52:37 AM network.Server main
INFO: ОЖИДАНИЕ КЛИЕНТОВ
мая 16, 2023 11:05:10 AM network.Server main
SEVERE: toDerInputStream rejects tag type 45
мая 16, 2023 11:05:10 AM network.Server main
SEVERE: Ошибка при запуске сервера
мая 16, 2023 11:06:23 AM network.Server main
SEVERE: toDerInputStream rejects tag type 45
мая 16, 2023 11:06:23 AM network.Server main
SEVERE: Ошибка при запуске сервера
мая 16, 2023 11:08:50 AM network.Server main
SEVERE: KEY not found
мая 16, 2023 11:08:50 AM network.Server main
SEVERE: Ошибка при запуске сервера
мая 16, 2023 11:09:01 AM network.Server main
SEVERE: key not found
мая 16, 2023 11:09:01 AM network.Server main
SEVERE: Ошибка при запуске сервера
мая 16, 2023 11:10:30 AM network.Server main
SEVERE: PEM not found
мая 16, 2023 11:10:30 AM network.Server main
SEVERE: Ошибка при запуске сервера
мая 16, 2023 11:36:05 AM network.Server printLocalIPAddress
INFO: Локальный IP-адрес: 192.168.56.1
мая 16, 2023 11:36:05 AM network.Server printLocalIPAddress
INFO: Локальный IP-адрес: 192.168.88.96
мая 16, 2023 11:36:05 AM network.Server main
INFO: СЕРВЕР ЗАПУЩЕН
мая 16, 2023 11:36:05 AM network.Server main
INFO: ОЖИДАНИЕ КЛИЕНТОВ
мая 16, 2023 12:04:15 PM network.Server main
SEVERE: Cannot invoke "java.net.URL.getFile()" because the return value of "java.lang.ClassLoader.getResource(String)" is null
мая 16, 2023 12:04:15 PM network.Server main
SEVERE: Возникла непредвиденная ошибка
мая 16, 2023 12:04:37 PM network.Server printLocalIPAddress
INFO: Локальный IP-адрес: 192.168.56.1
мая 16, 2023 12:04:37 PM network.Server printLocalIPAddress
INFO: Локальный IP-адрес: 192.168.88.96
мая 16, 2023 12:04:37 PM network.Server main
INFO: СЕРВЕР ЗАПУЩЕН
мая 16, 2023 12:04:37 PM network.Server main
INFO: ОЖИДАНИЕ КЛИЕНТОВ
